This is pdfTeX, Version 3.141592653-2.6-1.40.26 (TeX Live 2024) (preloaded format=pdflatex 2024.12.4)  16 DEC 2024 17:26
entering extended mode
 restricted \write18 enabled.
 file:line:error style messages enabled.
 %&-line parsing enabled.
**/Users/richardcernansky/Desktop/documentation/documentation.tex
(/Users/richardcernansky/Desktop/documentation/documentation.tex
LaTeX2e <2023-11-01> patch level 1
L3 programming layer <2024-02-20>
(/usr/local/texlive/2024/texmf-dist/tex/latex/base/report.cls
Document Class: report 2023/05/17 v1.4n Standard LaTeX document class
(/usr/local/texlive/2024/texmf-dist/tex/latex/base/size10.clo
File: size10.clo 2023/05/17 v1.4n Standard LaTeX file (size option)
)
\c@part=\count188
\c@chapter=\count189
\c@section=\count190
\c@subsection=\count191
\c@subsubsection=\count192
\c@paragraph=\count193
\c@subparagraph=\count194
\c@figure=\count195
\c@table=\count196
\abovecaptionskip=\skip48
\belowcaptionskip=\skip49
\bibindent=\dimen140
) (/usr/local/texlive/2024/texmf-dist/tex/generic/babel/babel.sty
Package: babel 2024/02/07 v24.2 The Babel package
\babel@savecnt=\count197
\U@D=\dimen141
\l@unhyphenated=\language89
 (/usr/local/texlive/2024/texmf-dist/tex/generic/babel/txtbabel.def)
\bbl@readstream=\read2
\bbl@dirlevel=\count198
 (/usr/local/texlive/2024/texmf-dist/tex/generic/babel-english/english.ldf
Language: english 2017/06/06 v3.3r English support from the babel system
Package babel Info: Hyphen rules for 'canadian' set to \l@english
(babel)             (\language0). Reported on input line 102.
Package babel Info: Hyphen rules for 'australian' set to \l@ukenglish
(babel)             (\language23). Reported on input line 105.
Package babel Info: Hyphen rules for 'newzealand' set to \l@ukenglish
(babel)             (\language23). Reported on input line 108.
)) (/usr/local/texlive/2024/texmf-dist/tex/generic/babel/locale/en/babel-english.tex
Package babel Info: Importing font and identification data for english
(babel)             from babel-en.ini. Reported on input line 11.
) (/usr/local/texlive/2024/texmf-dist/tex/latex/base/fontenc.sty
Package: fontenc 2021/04/29 v2.0v Standard LaTeX package
) (/usr/local/texlive/2024/texmf-dist/tex/latex/base/fontenc.sty
Package: fontenc 2021/04/29 v2.0v Standard LaTeX package
 (/usr/local/texlive/2024/texmf-dist/tex/cslatex/base/il2enc.def
File: il2enc.def 1997/08/20 CSLaTeX
Now handling font encoding IL2 ...
... no UTF-8 mapping file for font encoding IL2
)
LaTeX Font Info:    Trying to load font information for IL2+cmr on input line 112.
 (/usr/local/texlive/2024/texmf-dist/tex/cslatex/base/il2cmr.fd
File: il2cmr.fd 1997/02/06 CSLaTeX font definitions
)) (/usr/local/texlive/2024/texmf-dist/tex/latex/base/inputenc.sty
Package: inputenc 2021/02/14 v1.3d Input encoding file
\inpenc@prehook=\toks17
\inpenc@posthook=\toks18
) (/usr/local/texlive/2024/texmf-dist/tex/latex/graphics/graphicx.sty
Package: graphicx 2021/09/16 v1.2d Enhanced LaTeX Graphics (DPC,SPQR)
 (/usr/local/texlive/2024/texmf-dist/tex/latex/graphics/keyval.sty
Package: keyval 2022/05/29 v1.15 key=value parser (DPC)
\KV@toks@=\toks19
) (/usr/local/texlive/2024/texmf-dist/tex/latex/graphics/graphics.sty
Package: graphics 2022/03/10 v1.4e Standard LaTeX Graphics (DPC,SPQR)
 (/usr/local/texlive/2024/texmf-dist/tex/latex/graphics/trig.sty
Package: trig 2021/08/11 v1.11 sin cos tan (DPC)
) (/usr/local/texlive/2024/texmf-dist/tex/latex/graphics-cfg/graphics.cfg
File: graphics.cfg 2016/06/04 v1.11 sample graphics configuration
)
Package graphics Info: Driver file: pdftex.def on input line 107.
 (/usr/local/texlive/2024/texmf-dist/tex/latex/graphics-def/pdftex.def
File: pdftex.def 2022/09/22 v1.2b Graphics/color driver for pdftex
))
\Gin@req@height=\dimen142
\Gin@req@width=\dimen143
) (/usr/local/texlive/2024/texmf-dist/tex/latex/url/url.sty
\Urlmuskip=\muskip16
Package: url 2013/09/16  ver 3.4  Verb mode for urls, etc.
) (/usr/local/texlive/2024/texmf-dist/tex/latex/hyperref/hyperref.sty
Package: hyperref 2024-01-20 v7.01h Hypertext links for LaTeX
 (/usr/local/texlive/2024/texmf-dist/tex/generic/iftex/iftex.sty
Package: iftex 2022/02/03 v1.0f TeX engine tests
) (/usr/local/texlive/2024/texmf-dist/tex/latex/kvsetkeys/kvsetkeys.sty
Package: kvsetkeys 2022-10-05 v1.19 Key value parser (HO)
) (/usr/local/texlive/2024/texmf-dist/tex/generic/kvdefinekeys/kvdefinekeys.sty
Package: kvdefinekeys 2019-12-19 v1.6 Define keys (HO)
) (/usr/local/texlive/2024/texmf-dist/tex/generic/pdfescape/pdfescape.sty
Package: pdfescape 2019/12/09 v1.15 Implements pdfTeX's escape features (HO)
 (/usr/local/texlive/2024/texmf-dist/tex/generic/ltxcmds/ltxcmds.sty
Package: ltxcmds 2023-12-04 v1.26 LaTeX kernel commands for general use (HO)
) (/usr/local/texlive/2024/texmf-dist/tex/generic/pdftexcmds/pdftexcmds.sty
Package: pdftexcmds 2020-06-27 v0.33 Utility functions of pdfTeX for LuaTeX (HO)
 (/usr/local/texlive/2024/texmf-dist/tex/generic/infwarerr/infwarerr.sty
Package: infwarerr 2019/12/03 v1.5 Providing info/warning/error messages (HO)
)
Package pdftexcmds Info: \pdf@primitive is available.
Package pdftexcmds Info: \pdf@ifprimitive is available.
Package pdftexcmds Info: \pdfdraftmode found.
)) (/usr/local/texlive/2024/texmf-dist/tex/latex/hycolor/hycolor.sty
Package: hycolor 2020-01-27 v1.10 Color options for hyperref/bookmark (HO)
) (/usr/local/texlive/2024/texmf-dist/tex/latex/auxhook/auxhook.sty
Package: auxhook 2019-12-17 v1.6 Hooks for auxiliary files (HO)
) (/usr/local/texlive/2024/texmf-dist/tex/latex/hyperref/nameref.sty
Package: nameref 2023-11-26 v2.56 Cross-referencing by name of section
 (/usr/local/texlive/2024/texmf-dist/tex/latex/refcount/refcount.sty
Package: refcount 2019/12/15 v3.6 Data extraction from label references (HO)
) (/usr/local/texlive/2024/texmf-dist/tex/generic/gettitlestring/gettitlestring.sty
Package: gettitlestring 2019/12/15 v1.6 Cleanup title references (HO)
 (/usr/local/texlive/2024/texmf-dist/tex/latex/kvoptions/kvoptions.sty
Package: kvoptions 2022-06-15 v3.15 Key value format for package options (HO)
))
\c@section@level=\count199
) (/usr/local/texlive/2024/texmf-dist/tex/latex/etoolbox/etoolbox.sty
Package: etoolbox 2020/10/05 v2.5k e-TeX tools for LaTeX (JAW)
\etb@tempcnta=\count266
)
\@linkdim=\dimen144
\Hy@linkcounter=\count267
\Hy@pagecounter=\count268
 (/usr/local/texlive/2024/texmf-dist/tex/latex/hyperref/pd1enc.def
File: pd1enc.def 2024-01-20 v7.01h Hyperref: PDFDocEncoding definition (HO)
Now handling font encoding PD1 ...
... no UTF-8 mapping file for font encoding PD1
) (/usr/local/texlive/2024/texmf-dist/tex/generic/intcalc/intcalc.sty
Package: intcalc 2019/12/15 v1.3 Expandable calculations with integers (HO)
)
\Hy@SavedSpaceFactor=\count269
 (/usr/local/texlive/2024/texmf-dist/tex/latex/hyperref/puenc.def
File: puenc.def 2024-01-20 v7.01h Hyperref: PDF Unicode definition (HO)
Now handling font encoding PU ...
... no UTF-8 mapping file for font encoding PU
)
Package hyperref Info: Hyper figures OFF on input line 4179.
Package hyperref Info: Link nesting OFF on input line 4184.
Package hyperref Info: Hyper index ON on input line 4187.
Package hyperref Info: Plain pages OFF on input line 4194.
Package hyperref Info: Backreferencing OFF on input line 4199.
Package hyperref Info: Implicit mode ON; LaTeX internals redefined.
Package hyperref Info: Bookmarks ON on input line 4446.
\c@Hy@tempcnt=\count270
LaTeX Info: Redefining \url on input line 4784.
\XeTeXLinkMargin=\dimen145
 (/usr/local/texlive/2024/texmf-dist/tex/generic/bitset/bitset.sty
Package: bitset 2019/12/09 v1.3 Handle bit-vector datatype (HO)
 (/usr/local/texlive/2024/texmf-dist/tex/generic/bigintcalc/bigintcalc.sty
Package: bigintcalc 2019/12/15 v1.5 Expandable calculations on big integers (HO)
))
\Fld@menulength=\count271
\Field@Width=\dimen146
\Fld@charsize=\dimen147
Package hyperref Info: Hyper figures OFF on input line 6063.
Package hyperref Info: Link nesting OFF on input line 6068.
Package hyperref Info: Hyper index ON on input line 6071.
Package hyperref Info: backreferencing OFF on input line 6078.
Package hyperref Info: Link coloring OFF on input line 6083.
Package hyperref Info: Link coloring with OCG OFF on input line 6088.
Package hyperref Info: PDF/A mode OFF on input line 6093.
 (/usr/local/texlive/2024/texmf-dist/tex/latex/base/atbegshi-ltx.sty
Package: atbegshi-ltx 2021/01/10 v1.0c Emulation of the original atbegshi
package with kernel methods
)
\Hy@abspage=\count272
\c@Item=\count273
\c@Hfootnote=\count274
)
Package hyperref Info: Driver (autodetected): hpdftex.
 (/usr/local/texlive/2024/texmf-dist/tex/latex/hyperref/hpdftex.def
File: hpdftex.def 2024-01-20 v7.01h Hyperref driver for pdfTeX
 (/usr/local/texlive/2024/texmf-dist/tex/latex/base/atveryend-ltx.sty
Package: atveryend-ltx 2020/08/19 v1.0a Emulation of the original atveryend package
with kernel methods
)
\Fld@listcount=\count275
\c@bookmark@seq@number=\count276
 (/usr/local/texlive/2024/texmf-dist/tex/latex/rerunfilecheck/rerunfilecheck.sty
Package: rerunfilecheck 2022-07-10 v1.10 Rerun checks for auxiliary files (HO)
 (/usr/local/texlive/2024/texmf-dist/tex/generic/uniquecounter/uniquecounter.sty
Package: uniquecounter 2019/12/15 v1.4 Provide unlimited unique counter (HO)
)
Package uniquecounter Info: New unique counter `rerunfilecheck' on input line 285.
)
\Hy@SectionHShift=\skip50
) (/usr/local/texlive/2024/texmf-dist/tex/latex/xcolor/xcolor.sty
Package: xcolor 2023/11/15 v3.01 LaTeX color extensions (UK)
 (/usr/local/texlive/2024/texmf-dist/tex/latex/graphics-cfg/color.cfg
File: color.cfg 2016/01/02 v1.6 sample color configuration
)
Package xcolor Info: Driver file: pdftex.def on input line 274.
 (/usr/local/texlive/2024/texmf-dist/tex/latex/graphics/mathcolor.ltx)
Package xcolor Info: Model `cmy' substituted by `cmy0' on input line 1350.
Package xcolor Info: Model `hsb' substituted by `rgb' on input line 1354.
Package xcolor Info: Model `RGB' extended on input line 1366.
Package xcolor Info: Model `HTML' substituted by `rgb' on input line 1368.
Package xcolor Info: Model `Hsb' substituted by `hsb' on input line 1369.
Package xcolor Info: Model `tHsb' substituted by `hsb' on input line 1370.
Package xcolor Info: Model `HSB' substituted by `hsb' on input line 1371.
Package xcolor Info: Model `Gray' substituted by `gray' on input line 1372.
Package xcolor Info: Model `wave' substituted by `hsb' on input line 1373.
) (/usr/local/texlive/2024/texmf-dist/tex/latex/caption/subcaption.sty
Package: subcaption 2023/07/28 v1.6b Sub-captions (AR)
 (/usr/local/texlive/2024/texmf-dist/tex/latex/caption/caption.sty
Package: caption 2023/08/05 v3.6o Customizing captions (AR)
 (/usr/local/texlive/2024/texmf-dist/tex/latex/caption/caption3.sty
Package: caption3 2023/07/31 v2.4d caption3 kernel (AR)
\caption@tempdima=\dimen148
\captionmargin=\dimen149
\caption@leftmargin=\dimen150
\caption@rightmargin=\dimen151
\caption@width=\dimen152
\caption@indent=\dimen153
\caption@parindent=\dimen154
\caption@hangindent=\dimen155
Package caption Info: Standard document class detected.
)
\c@caption@flags=\count277
\c@continuedfloat=\count278
Package caption Info: hyperref package is loaded.
)
Package caption Info: New subtype `subfigure' on input line 238.
\c@subfigure=\count279
Package caption Info: New subtype `subtable' on input line 238.
\c@subtable=\count280
) (/usr/local/texlive/2024/texmf-dist/tex/latex/algorithms/algorithm.sty
Package: algorithm 2009/08/24 v0.1 Document Style `algorithm' - floating environment
 (/usr/local/texlive/2024/texmf-dist/tex/latex/float/float.sty
Package: float 2001/11/08 v1.3d Float enhancements (AL)
\c@float@type=\count281
\float@exts=\toks20
\float@box=\box51
\@float@everytoks=\toks21
\@floatcapt=\box52
) (/usr/local/texlive/2024/texmf-dist/tex/latex/base/ifthen.sty
Package: ifthen 2022/04/13 v1.1d Standard LaTeX ifthen package (DPC)
)
\@float@every@algorithm=\toks22
\c@algorithm=\count282
) (/usr/local/texlive/2024/texmf-dist/tex/latex/algorithmicx/algpseudocode.sty
Package: algpseudocode 
 (/usr/local/texlive/2024/texmf-dist/tex/latex/algorithmicx/algorithmicx.sty
Package: algorithmicx 2005/04/27 v1.2 Algorithmicx

Document Style algorithmicx 1.2 - a greatly improved `algorithmic' style
\c@ALG@line=\count283
\c@ALG@rem=\count284
\c@ALG@nested=\count285
\ALG@tlm=\skip51
\ALG@thistlm=\skip52
\c@ALG@Lnr=\count286
\c@ALG@blocknr=\count287
\c@ALG@storecount=\count288
\c@ALG@tmpcounter=\count289
\ALG@tmplength=\skip53
)
Document Style - pseudocode environments for use with the `algorithmicx' style
) (/usr/local/texlive/2024/texmf-dist/tex/latex/booktabs/booktabs.sty
Package: booktabs 2020/01/12 v1.61803398 Publication quality tables
\heavyrulewidth=\dimen156
\lightrulewidth=\dimen157
\cmidrulewidth=\dimen158
\belowrulesep=\dimen159
\belowbottomsep=\dimen160
\aboverulesep=\dimen161
\abovetopsep=\dimen162
\cmidrulesep=\dimen163
\cmidrulekern=\dimen164
\defaultaddspace=\dimen165
\@cmidla=\count290
\@cmidlb=\count291
\@aboverulesep=\dimen166
\@belowrulesep=\dimen167
\@thisruleclass=\count292
\@lastruleclass=\count293
\@thisrulewidth=\dimen168
) (/usr/local/texlive/2024/texmf-dist/tex/latex/tools/longtable.sty
Package: longtable 2023-11-01 v4.19 Multi-page Table package (DPC)
\LTleft=\skip54
\LTright=\skip55
\LTpre=\skip56
\LTpost=\skip57
\LTchunksize=\count294
\LTcapwidth=\dimen169
\LT@head=\box53
\LT@firsthead=\box54
\LT@foot=\box55
\LT@lastfoot=\box56
\LT@gbox=\box57
\LT@cols=\count295
\LT@rows=\count296
\c@LT@tables=\count297
\c@LT@chunks=\count298
\LT@p@ftn=\toks23
) (/usr/local/texlive/2024/texmf-dist/tex/latex/adjustbox/adjustbox.sty
Package: adjustbox 2022/10/17 v1.3a Adjusting TeX boxes (trim, clip, ...)
 (/usr/local/texlive/2024/texmf-dist/tex/latex/xkeyval/xkeyval.sty
Package: xkeyval 2022/06/16 v2.9 package option processing (HA)
 (/usr/local/texlive/2024/texmf-dist/tex/generic/xkeyval/xkeyval.tex (/usr/local/texlive/2024/texmf-dist/tex/generic/xkeyval/xkvutils.tex
\XKV@toks=\toks24
\XKV@tempa@toks=\toks25
)
\XKV@depth=\count299
File: xkeyval.tex 2014/12/03 v2.7a key=value parser (HA)
)) (/usr/local/texlive/2024/texmf-dist/tex/latex/adjustbox/adjcalc.sty
Package: adjcalc 2012/05/16 v1.1 Provides advanced setlength with multiple back-ends (calc, etex, pgfmath)
) (/usr/local/texlive/2024/texmf-dist/tex/latex/adjustbox/trimclip.sty
Package: trimclip 2020/08/19 v1.2 Trim and clip general TeX material
 (/usr/local/texlive/2024/texmf-dist/tex/latex/collectbox/collectbox.sty
Package: collectbox 2022/10/17 v0.4c Collect macro arguments as boxes
\collectedbox=\box58
)
\tc@llx=\dimen170
\tc@lly=\dimen171
\tc@urx=\dimen172
\tc@ury=\dimen173
Package trimclip Info: Using driver 'tc-pdftex.def'.
 (/usr/local/texlive/2024/texmf-dist/tex/latex/adjustbox/tc-pdftex.def
File: tc-pdftex.def 2019/01/04 v2.2 Clipping driver for pdftex
))
\adjbox@Width=\dimen174
\adjbox@Height=\dimen175
\adjbox@Depth=\dimen176
\adjbox@Totalheight=\dimen177
\adjbox@pwidth=\dimen178
\adjbox@pheight=\dimen179
\adjbox@pdepth=\dimen180
\adjbox@ptotalheight=\dimen181
 (/usr/local/texlive/2024/texmf-dist/tex/latex/ifoddpage/ifoddpage.sty
Package: ifoddpage 2022/10/18 v1.2 Conditionals for odd/even page detection
\c@checkoddpage=\count300
) (/usr/local/texlive/2024/texmf-dist/tex/latex/varwidth/varwidth.sty
Package: varwidth 2009/03/30 ver 0.92;  Variable-width minipages
\@vwid@box=\box59
\sift@deathcycles=\count301
\@vwid@loff=\dimen182
\@vwid@roff=\dimen183
)) (/usr/local/texlive/2024/texmf-dist/tex/latex/geometry/geometry.sty
Package: geometry 2020/01/02 v5.9 Page Geometry
 (/usr/local/texlive/2024/texmf-dist/tex/generic/iftex/ifvtex.sty
Package: ifvtex 2019/10/25 v1.7 ifvtex legacy package. Use iftex instead.
)
\Gm@cnth=\count302
\Gm@cntv=\count303
\c@Gm@tempcnt=\count304
\Gm@bindingoffset=\dimen184
\Gm@wd@mp=\dimen185
\Gm@odd@mp=\dimen186
\Gm@even@mp=\dimen187
\Gm@layoutwidth=\dimen188
\Gm@layoutheight=\dimen189
\Gm@layouthoffset=\dimen190
\Gm@layoutvoffset=\dimen191
\Gm@dimlist=\toks26
)
\c@definition=\count305
 (/usr/local/texlive/2024/texmf-dist/tex/latex/cite/cite.sty
LaTeX Info: Redefining \cite on input line 302.
LaTeX Info: Redefining \nocite on input line 332.
Package: cite 2015/02/27  v 5.5
) (/usr/local/texlive/2024/texmf-dist/tex/latex/psnfss/times.sty
Package: times 2020/03/25 PSNFSS-v9.3 (SPQR) 
) (/usr/local/texlive/2024/texmf-dist/tex/latex/ragged2e/ragged2e.sty
Package: ragged2e 2023/06/22 v3.6 ragged2e Package
\CenteringLeftskip=\skip58
\RaggedLeftLeftskip=\skip59
\RaggedRightLeftskip=\skip60
\CenteringRightskip=\skip61
\RaggedLeftRightskip=\skip62
\RaggedRightRightskip=\skip63
\CenteringParfillskip=\skip64
\RaggedLeftParfillskip=\skip65
\RaggedRightParfillskip=\skip66
\JustifyingParfillskip=\skip67
\CenteringParindent=\skip68
\RaggedLeftParindent=\skip69
\RaggedRightParindent=\skip70
\JustifyingParindent=\skip71
) (/usr/local/texlive/2024/texmf-dist/tex/latex/amsmath/amsmath.sty
Package: amsmath 2023/05/13 v2.17o AMS math features
\@mathmargin=\skip72

For additional information on amsmath, use the `?' option.
(/usr/local/texlive/2024/texmf-dist/tex/latex/amsmath/amstext.sty
Package: amstext 2021/08/26 v2.01 AMS text
 (/usr/local/texlive/2024/texmf-dist/tex/latex/amsmath/amsgen.sty
File: amsgen.sty 1999/11/30 v2.0 generic functions
\@emptytoks=\toks27
\ex@=\dimen192
)) (/usr/local/texlive/2024/texmf-dist/tex/latex/amsmath/amsbsy.sty
Package: amsbsy 1999/11/29 v1.2d Bold Symbols
\pmbraise@=\dimen193
) (/usr/local/texlive/2024/texmf-dist/tex/latex/amsmath/amsopn.sty
Package: amsopn 2022/04/08 v2.04 operator names
)
\inf@bad=\count306
LaTeX Info: Redefining \frac on input line 234.
\uproot@=\count307
\leftroot@=\count308
LaTeX Info: Redefining \overline on input line 399.
LaTeX Info: Redefining \colon on input line 410.
\classnum@=\count309
\DOTSCASE@=\count310
LaTeX Info: Redefining \ldots on input line 496.
LaTeX Info: Redefining \dots on input line 499.
LaTeX Info: Redefining \cdots on input line 620.
\Mathstrutbox@=\box60
\strutbox@=\box61
LaTeX Info: Redefining \big on input line 722.
LaTeX Info: Redefining \Big on input line 723.
LaTeX Info: Redefining \bigg on input line 724.
LaTeX Info: Redefining \Bigg on input line 725.
\big@size=\dimen194
LaTeX Font Info:    Redeclaring font encoding OML on input line 743.
LaTeX Font Info:    Redeclaring font encoding OMS on input line 744.
\macc@depth=\count311
LaTeX Info: Redefining \bmod on input line 905.
LaTeX Info: Redefining \pmod on input line 910.
LaTeX Info: Redefining \smash on input line 940.
LaTeX Info: Redefining \relbar on input line 970.
LaTeX Info: Redefining \Relbar on input line 971.
\c@MaxMatrixCols=\count312
\dotsspace@=\muskip17
\c@parentequation=\count313
\dspbrk@lvl=\count314
\tag@help=\toks28
\row@=\count315
\column@=\count316
\maxfields@=\count317
\andhelp@=\toks29
\eqnshift@=\dimen195
\alignsep@=\dimen196
\tagshift@=\dimen197
\tagwidth@=\dimen198
\totwidth@=\dimen199
\lineht@=\dimen256
\@envbody=\toks30
\multlinegap=\skip73
\multlinetaggap=\skip74
\mathdisplay@stack=\toks31
LaTeX Info: Redefining \[ on input line 2953.
LaTeX Info: Redefining \] on input line 2954.
) (/usr/local/texlive/2024/texmf-dist/tex/latex/amsfonts/amssymb.sty
Package: amssymb 2013/01/14 v3.01 AMS font symbols
 (/usr/local/texlive/2024/texmf-dist/tex/latex/amsfonts/amsfonts.sty
Package: amsfonts 2013/01/14 v3.01 Basic AMSFonts support
\symAMSa=\mathgroup4
\symAMSb=\mathgroup5
LaTeX Font Info:    Redeclaring math symbol \hbar on input line 98.
LaTeX Font Info:    Overwriting math alphabet `\mathfrak' in version `bold'
(Font)                  U/euf/m/n --> U/euf/b/n on input line 106.
)) (/usr/local/texlive/2024/texmf-dist/tex/latex/base/textcomp.sty
Package: textcomp 2020/02/02 v2.0n Standard LaTeX package
)
LaTeX Font Info:    Trying to load font information for IL2+ptm on input line 48.
 (/usr/local/texlive/2024/texmf-dist/tex/cslatex/cspsfonts/il2ptm.fd
File: il2ptm.fd 1998/01/31 CS Times
LaTeX Font Info:     CS Times on input line 2.
LaTeX Font Info:    (C) Z. Wagner,1998/01/31 on input line 3.
LaTeX Font Info:    Created by CsPsFont utility v.1.0e (C) Z. Wagner, 1998/01/31 on input line 4.
) (/usr/local/texlive/2024/texmf-dist/tex/latex/l3backend/l3backend-pdftex.def
File: l3backend-pdftex.def 2024-02-20 L3 backend support: PDF output (pdfTeX)
\l__color_backend_stack_int=\count318
\l__pdf_internal_box=\box62
) (./documentation.aux)
\openout1 = `documentation.aux'.

LaTeX Font Info:    Checking defaults for OML/cmm/m/it on input line 48.
LaTeX Font Info:    ... okay on input line 48.
LaTeX Font Info:    Checking defaults for OMS/cmsy/m/n on input line 48.
LaTeX Font Info:    ... okay on input line 48.
LaTeX Font Info:    Checking defaults for OT1/cmr/m/n on input line 48.
LaTeX Font Info:    ... okay on input line 48.
LaTeX Font Info:    Checking defaults for T1/cmr/m/n on input line 48.
LaTeX Font Info:    ... okay on input line 48.
LaTeX Font Info:    Checking defaults for TS1/cmr/m/n on input line 48.
LaTeX Font Info:    ... okay on input line 48.
LaTeX Font Info:    Checking defaults for OMX/cmex/m/n on input line 48.
LaTeX Font Info:    ... okay on input line 48.
LaTeX Font Info:    Checking defaults for U/cmr/m/n on input line 48.
LaTeX Font Info:    ... okay on input line 48.
LaTeX Font Info:    Checking defaults for IL2/cmr/m/n on input line 48.
LaTeX Font Info:    ... okay on input line 48.
LaTeX Font Info:    Checking defaults for PD1/pdf/m/n on input line 48.
LaTeX Font Info:    ... okay on input line 48.
LaTeX Font Info:    Checking defaults for PU/pdf/m/n on input line 48.
LaTeX Font Info:    ... okay on input line 48.
 (/usr/local/texlive/2024/texmf-dist/tex/context/base/mkii/supp-pdf.mkii
[Loading MPS to PDF converter (version 2006.09.02).]
\scratchcounter=\count319
\scratchdimen=\dimen257
\scratchbox=\box63
\nofMPsegments=\count320
\nofMParguments=\count321
\everyMPshowfont=\toks32
\MPscratchCnt=\count322
\MPscratchDim=\dimen258
\MPnumerator=\count323
\makeMPintoPDFobject=\count324
\everyMPtoPDFconversion=\toks33
) (/usr/local/texlive/2024/texmf-dist/tex/latex/epstopdf-pkg/epstopdf-base.sty
Package: epstopdf-base 2020-01-24 v2.11 Base part for package epstopdf
Package epstopdf-base Info: Redefining graphics rule for `.eps' on input line 485.
 (/usr/local/texlive/2024/texmf-dist/tex/latex/latexconfig/epstopdf-sys.cfg
File: epstopdf-sys.cfg 2010/07/13 v1.3 Configuration of (r)epstopdf for TeX Live
))
Package hyperref Info: Link coloring OFF on input line 48.
 (./documentation.out) (./documentation.out)
\@outlinefile=\write3
\openout3 = `documentation.out'.

Package caption Info: Begin \AtBeginDocument code.
Package caption Info: float package is loaded.
Package caption Info: longtable package is loaded.
 (/usr/local/texlive/2024/texmf-dist/tex/latex/caption/ltcaption.sty
Package: ltcaption 2021/01/08 v1.4c longtable captions (AR)
)
Package caption Info: End \AtBeginDocument code.

*geometry* driver: auto-detecting
*geometry* detected driver: pdftex
*geometry* verbose mode - [ preamble ] result:
* driver: pdftex
* paper: a4paper
* layout: <same size as paper>
* layoutoffset:(h,v)=(0.0pt,0.0pt)
* modes: 
* h-part:(L,W,R)=(72.26999pt, 452.9679pt, 72.26999pt)
* v-part:(T,H,B)=(72.26999pt, 700.50687pt, 72.26999pt)
* \paperwidth=597.50787pt
* \paperheight=845.04684pt
* \textwidth=452.9679pt
* \textheight=700.50687pt
* \oddsidemargin=0.0pt
* \evensidemargin=0.0pt
* \topmargin=-37.0pt
* \headheight=12.0pt
* \headsep=25.0pt
* \topskip=10.0pt
* \footskip=30.0pt
* \marginparwidth=57.0pt
* \marginparsep=11.0pt
* \columnsep=10.0pt
* \skip\footins=9.0pt plus 4.0pt minus 2.0pt
* \hoffset=0.0pt
* \voffset=0.0pt
* \mag=1000
* \@twocolumnfalse
* \@twosidefalse
* \@mparswitchfalse
* \@reversemarginfalse
* (1in=72.27pt=25.4mm, 1cm=28.453pt)

LaTeX Font Info:    Trying to load font information for U+msa on input line 52.
(/usr/local/texlive/2024/texmf-dist/tex/latex/amsfonts/umsa.fd
File: umsa.fd 2013/01/14 v3.01 AMS symbols A
)
LaTeX Font Info:    Trying to load font information for U+msb on input line 52.
 (/usr/local/texlive/2024/texmf-dist/tex/latex/amsfonts/umsb.fd
File: umsb.fd 2013/01/14 v3.01 AMS symbols B
)
LaTeX Font Info:    Trying to load font information for IL2+pcr on input line 52.
 (/usr/local/texlive/2024/texmf-dist/tex/cslatex/cspsfonts/il2pcr.fd
File: il2pcr.fd 1998/01/31 CS Courier
LaTeX Font Info:     CS Courier on input line 2.
LaTeX Font Info:    (C) Z. Wagner,1998/01/31 on input line 3.
LaTeX Font Info:    Created by CsPsFont utility v.1.0e (C) Z. Wagner, 1998/01/31 on input line 4.
) [1

{/usr/local/texlive/2024/texmf-var/fonts/map/pdftex/updmap/pdftex.map}{/usr/local/texlive/2024/texmf-dist/fonts/enc/dvips/cs/xl2.enc}{/usr/local/texlive/2024/texmf-dist/fonts/enc/dvips/cs/xt2.enc}]
pdfTeX warning (ext4): destination with the same identifier (name{page.1}) has been already used, duplicate ignored
<to be read again> 
                   \relax 
l.56 \end{abstract}
                    [1]
Chapter 1.
LaTeX Font Info:    Trying to load font information for TS1+ptm on input line 94.
(/usr/local/texlive/2024/texmf-dist/tex/latex/psnfss/ts1ptm.fd
File: ts1ptm.fd 2001/06/04 font definitions for TS1/ptm.
)
pdfTeX warning (ext4): destination with the same identifier (name{page.1}) has been already used, duplicate ignored
<to be read again> 
                   \relax 
l.107     \item \textbf
                       {Neural Networks Generated Representations of Source ... [1

{/usr/local/texlive/2024/texmf-dist/fonts/enc/dvips/base/8r.enc}]
Overfull \hbox (10.46445pt too wide) in paragraph at lines 119--122
[][] \IL2/ptm/m/it/10 [[]11[]] \IL2/ptm/b/it/10 Ab-stract Syn-tax Tree (AST). \IL2/ptm/m/it/10 An Ab-stract Syn-tax Tree (AST) for a method is a tu-ple $\OMS/cmsy/m/n/10 h\OML/cmm/m/it/10 N; T; X; s; ^^N; ^^^\OMS/cmsy/m/n/10 i$
 []


LaTeX Font Warning: Font shape `IL2/ptm/m/sl' in size <10> not available
(Font)              Font shape `IL2/ptm/m/it' tried instead on input line 162.

[2]
Overfull \hbox (35.91867pt too wide) in paragraph at lines 172--175
\IL2/ptm/m/it/10 start-ing node's data (to-ken value) and the end-ing node's data struc-tured like this: $\OMS/cmsy/m/n/10 h[]\OML/cmm/m/it/10 ; []; []\OMS/cmsy/m/n/10 i$\IL2/ptm/m/it/10 .
 []

Package textcomp Info: Symbol \textlangle not provided by
(textcomp)             font family pcr in TS1 encoding.
(textcomp)             Default family used instead on input line 193.
LaTeX Font Info:    Trying to load font information for IL2+cmtt on input line 193.
(/usr/local/texlive/2024/texmf-dist/tex/cslatex/base/il2cmtt.fd
File: il2cmtt.fd 1997/08/20 CSLaTeX font definitions
)
LaTeX Font Info:    Trying to load font information for TS1+cmtt on input line 193.
 (/usr/local/texlive/2024/texmf-dist/tex/latex/base/ts1cmtt.fd
File: ts1cmtt.fd 2023/04/13 v2.5m Standard LaTeX font definitions
)
Package textcomp Info: Symbol \textrangle not provided by
(textcomp)             font family pcr in TS1 encoding.
(textcomp)             Default family used instead on input line 193.

Underfull \hbox (badness 10000) in paragraph at lines 202--206

 []

<figures/high_level_prediciton_task.png, id=159, 196.735pt x 287.0725pt>
File: figures/high_level_prediciton_task.png Graphic file (type png)
<use figures/high_level_prediciton_task.png>
Package pdftex.def Info: figures/high_level_prediciton_task.png  used on input line 209.
(pdftex.def)             Requested size: 71.13072pt x 99.58328pt.
[3{/usr/local/texlive/2024/texmf-dist/fonts/enc/dvips/cm-super/cm-super-ts1.enc}] [4 <./figures/high_level_prediciton_task.png>]
Chapter 2.

Underfull \hbox (badness 10000) in paragraph at lines 244--248

 []

<figures/code2vec_model_visual.png, id=184, 529.98pt x 301.125pt>
File: figures/code2vec_model_visual.png Graphic file (type png)
<use figures/code2vec_model_visual.png>
Package pdftex.def Info: figures/code2vec_model_visual.png  used on input line 251.
(pdftex.def)             Requested size: 341.43416pt x 199.17502pt.
[5

]
Overfull \hbox (4.91794pt too wide) in alignment at lines 258--262
 [] [] [] [] 
 []


Overfull \hbox (4.91794pt too wide) in alignment at lines 262--266
 [] [] [] [] 
 []


Underfull \hbox (badness 4024) in paragraph at lines 273--273
[]|\IL2/ptm/m/n/10 value[]embedding (Em-bed-
 []


Underfull \hbox (badness 10000) in paragraph at lines 273--274
[]|\IL2/ptm/m/n/10 value1[]input[0][0],
 []


Underfull \hbox (badness 10000) in paragraph at lines 275--275
[]|\IL2/ptm/m/n/10 path[]embedding (Em-bed-
 []


Underfull \hbox (badness 10000) in paragraph at lines 277--278
[]|\IL2/ptm/m/n/10 value[]embedding[0][0],
 []


Underfull \hbox (badness 10000) in paragraph at lines 277--278
\IL2/ptm/m/n/10 path[]embedding[0][0],
 []


Underfull \hbox (badness 10000) in paragraph at lines 283--283
[]|\IL2/ptm/m/n/10 weighted[]context[]layer
 []


Underfull \hbox (badness 10000) in paragraph at lines 285--285
[]|\IL2/ptm/m/n/10 tag[]embedding[]matrix[]layer
 []


Underfull \hbox (badness 10000) in paragraph at lines 285--285
\IL2/ptm/m/n/10 (TagEm-bed-ding-Ma-
 []


Overfull \hbox (4.91794pt too wide) in alignment at lines 266--289
 [] [] [] [] 
 []

Package hyperref Info: bookmark level for unknown algorithm defaults to 0 on input line 308.
[6 <./figures/code2vec_model_visual.png>] [7]
<figures/names_merged.pdf, id=213, 1445.4pt x 578.16pt>
File: figures/names_merged.pdf Graphic file (type pdf)
<use figures/names_merged.pdf>
Package pdftex.def Info: figures/names_merged.pdf  used on input line 387.
(pdftex.def)             Requested size: 455.23724pt x 227.61641pt.

Overfull \hbox (2.26935pt too wide) in paragraph at lines 387--388
 [][] 
 []

<figures/ast_length_merged.pdf, id=214, 867.24pt x 433.62pt>
File: figures/ast_length_merged.pdf Graphic file (type pdf)
<use figures/ast_length_merged.pdf>
Package pdftex.def Info: figures/ast_length_merged.pdf  used on input line 422.
(pdftex.def)             Requested size: 455.24167pt x 256.085pt.

Overfull \hbox (2.27377pt too wide) in paragraph at lines 422--423
 [][] 
 []

[8 <./figures/names_merged.pdf>]
<figures/ast_depths_merged.pdf, id=282, 722.7pt x 433.62pt>
File: figures/ast_depths_merged.pdf Graphic file (type pdf)
<use figures/ast_depths_merged.pdf>
Package pdftex.def Info: figures/ast_depths_merged.pdf  used on input line 452.
(pdftex.def)             Requested size: 455.24826pt x 256.085pt.

Overfull \hbox (2.28036pt too wide) in paragraph at lines 452--453
 [][] 
 []

[9 <./figures/ast_length_merged.pdf>]
<figures/num_nodes_merged.pdf, id=328, 722.7pt x 433.62pt>
File: figures/num_nodes_merged.pdf Graphic file (type pdf)
<use figures/num_nodes_merged.pdf>
Package pdftex.def Info: figures/num_nodes_merged.pdf  used on input line 481.
(pdftex.def)             Requested size: 455.24826pt x 256.085pt.

Overfull \hbox (2.28036pt too wide) in paragraph at lines 481--482
 [][] 
 []

[10 <./figures/ast_depths_merged.pdf>] [11 <./figures/num_nodes_merged.pdf>]
Underfull \hbox (badness 10000) in paragraph at lines 556--578

 []

[12] [13]
Chapter 3.
<figures/training/learning_curve_fold_1.png, id=449, 867.24pt x 433.62pt>
File: figures/training/learning_curve_fold_1.png Graphic file (type png)
<use figures/training/learning_curve_fold_1.png>
Package pdftex.def Info: figures/training/learning_curve_fold_1.png  used on input line 666.
(pdftex.def)             Requested size: 181.18439pt x 90.58649pt.
<figures/training/learning_curve_fold_2.png, id=450, 867.24pt x 433.62pt>
File: figures/training/learning_curve_fold_2.png Graphic file (type png)
<use figures/training/learning_curve_fold_2.png>
Package pdftex.def Info: figures/training/learning_curve_fold_2.png  used on input line 672.
(pdftex.def)             Requested size: 181.18439pt x 90.58649pt.
<figures/training/learning_curve_fold_3.png, id=451, 867.24pt x 433.62pt>
File: figures/training/learning_curve_fold_3.png Graphic file (type png)
<use figures/training/learning_curve_fold_3.png>
Package pdftex.def Info: figures/training/learning_curve_fold_3.png  used on input line 678.
(pdftex.def)             Requested size: 181.18439pt x 90.58649pt.
<figures/training/learning_curve_fold_4.png, id=452, 867.24pt x 433.62pt>
File: figures/training/learning_curve_fold_4.png Graphic file (type png)
<use figures/training/learning_curve_fold_4.png>
Package pdftex.def Info: figures/training/learning_curve_fold_4.png  used on input line 686.
(pdftex.def)             Requested size: 181.18439pt x 90.58649pt.
<figures/training/learning_curve_fold_5.png, id=453, 867.24pt x 433.62pt>
File: figures/training/learning_curve_fold_5.png Graphic file (type png)
<use figures/training/learning_curve_fold_5.png>
Package pdftex.def Info: figures/training/learning_curve_fold_5.png  used on input line 692.
(pdftex.def)             Requested size: 181.18439pt x 90.58649pt.
[14

 <./figures/training/learning_curve_fold_1.png> <./figures/training/learning_curve_fold_2.png> <./figures/training/learning_curve_fold_3.png> <./figures/training/learning_curve_fold_4.png> <./figures/training/learning_curve_fold_5.png>]
<figures/testing/agg_average_metrics_plot.png, id=466, 578.16pt x 361.35pt>
File: figures/testing/agg_average_metrics_plot.png Graphic file (type png)
<use figures/testing/agg_average_metrics_plot.png>
Package pdftex.def Info: figures/testing/agg_average_metrics_plot.png  used on input line 728.
(pdftex.def)             Requested size: 227.61641pt x 113.80931pt.

Underfull \hbox (badness 10000) in paragraph at lines 733--742

 []

<figures/heatmap_snippet.png, id=469, 468.75125pt x 210.7875pt>
File: figures/heatmap_snippet.png Graphic file (type png)
<use figures/heatmap_snippet.png>
Package pdftex.def Info: figures/heatmap_snippet.png  used on input line 754.
(pdftex.def)             Requested size: 455.2389pt x 170.72086pt.

Overfull \hbox (2.27101pt too wide) in paragraph at lines 754--755
 [][] 
 []

[15 <./figures/testing/agg_average_metrics_plot.png>]
Underfull \hbox (badness 10000) in paragraph at lines 759--767

 []

<figures/testing/bins/num_tokens_20_bin_accuracies.pdf, id=479, 867.24pt x 578.16pt>
File: figures/testing/bins/num_tokens_20_bin_accuracies.pdf Graphic file (type pdf)
<use figures/testing/bins/num_tokens_20_bin_accuracies.pdf>
Package pdftex.def Info: figures/testing/bins/num_tokens_20_bin_accuracies.pdf  used on input line 781.
(pdftex.def)             Requested size: 227.62083pt x 142.26357pt.
<figures/testing/bins/num_nodes_20_bin_accuracies.pdf, id=480, 867.24pt x 578.16pt>
File: figures/testing/bins/num_nodes_20_bin_accuracies.pdf Graphic file (type pdf)
<use figures/testing/bins/num_nodes_20_bin_accuracies.pdf>
Package pdftex.def Info: figures/testing/bins/num_nodes_20_bin_accuracies.pdf  used on input line 791.
(pdftex.def)             Requested size: 227.62083pt x 142.26357pt.
[16 <./figures/heatmap_snippet.png> <./figures/testing/bins/num_tokens_20_bin_accuracies.pdf>]
<figures/testing/bins/ast_depth_2_bin_accuracies.pdf, id=561, 867.24pt x 578.16pt>
File: figures/testing/bins/ast_depth_2_bin_accuracies.pdf Graphic file (type pdf)
<use figures/testing/bins/ast_depth_2_bin_accuracies.pdf>
Package pdftex.def Info: figures/testing/bins/ast_depth_2_bin_accuracies.pdf  used on input line 801.
(pdftex.def)             Requested size: 227.62083pt x 142.26357pt.
 (./documentation.bbl [17 <./figures/testing/bins/num_nodes_20_bin_accuracies.pdf> <./figures/testing/bins/ast_depth_2_bin_accuracies.pdf>]) [18

] (./documentation.aux)
 ***********
LaTeX2e <2023-11-01> patch level 1
L3 programming layer <2024-02-20>
 ***********
Package rerunfilecheck Info: File `documentation.out' has not changed.
(rerunfilecheck)             Checksum: DEE1DA09C68662ADD0AE6F5DB985C6DF;5727.
 ) 
Here is how much of TeX's memory you used:
 16101 strings out of 474116
 261561 string characters out of 5743682
 1954187 words of memory out of 5000000
 38074 multiletter control sequences out of 15000+600000
 596675 words of font info for 91 fonts, out of 8000000 for 9000
 1141 hyphenation exceptions out of 8191
 75i,9n,80p,734b,637s stack positions out of 10000i,1000n,20000p,200000b,200000s
</usr/local/texlive/2024/texmf-dist/fonts/type1/public/amsfonts/cm/cmmi10.pfb></usr/local/texlive/2024/texmf-dist/fonts/type1/public/amsfonts/cm/cmmi7.pfb></usr/local/texlive/2024/texmf-dist/fonts/type1/public/amsfonts/cm/cmr10.pfb></usr/local/texlive/2024/texmf-dist/fonts/type1/public/amsfonts/cm/cmsy10.pfb></usr/local/texlive/2024/texmf-dist/fonts/type1/public/amsfonts/cm/cmsy7.pfb></usr/local/texlive/2024/texmf-dist/fonts/type1/public/cm-super/sftt1000.pfb></usr/local/texlive/2024/texmf-dist/fonts/type1/urw/courier/ucrb8a.pfb></usr/local/texlive/2024/texmf-dist/fonts/type1/urw/courier/ucrr8a.pfb></usr/local/texlive/2024/texmf-dist/fonts/type1/urw/times/utmb8a.pfb></usr/local/texlive/2024/texmf-dist/fonts/type1/urw/times/utmbi8a.pfb></usr/local/texlive/2024/texmf-dist/fonts/type1/urw/times/utmr8a.pfb></usr/local/texlive/2024/texmf-dist/fonts/type1/urw/times/utmri8a.pfb>
Output written on documentation.pdf (20 pages, 790921 bytes).
PDF statistics:
 803 PDF objects out of 1000 (max. 8388607)
 395 compressed objects within 4 object streams
 119 named destinations out of 1000 (max. 500000)
 305 words of extra memory for PDF output out of 10000 (max. 10000000)

